# JRE version: OpenJDK Runtime Environment (11.0.2+9) (build 11.0.2+9)
# Java VM: OpenJDK 64-Bit Server VM (11.0.2+9, mixed mode, tiered, compressed oops, g1 gc, windows-amd64)
Heap:
 garbage-first heap   total 333824K, used 220930K [0x0000000740000000, 0x0000000800000000)
  region size 1024K, 22 young (22528K), 4 survivors (4096K)
 Metaspace       used 128364K, capacity 130171K, committed 132988K, reserved 1163264K
  class space    used 17532K, capacity 18278K, committed 19328K, reserved 1048576K
GC Heap History (10 events):
Event: 8582.575 GC heap before
{Heap before GC invocations=1216 (full 57):
 garbage-first heap   total 333824K, used 262265K [0x0000000740000000, 0x0000000800000000)
  region size 1024K, 60 young (61440K), 3 survivors (3072K)
 Metaspace       used 128338K, capacity 130171K, committed 132988K, reserved 1163264K
  class space    used 17532K, capacity 18278K, committed 19328K, reserved 1048576K
}
Event: 8582.577 GC heap after
{Heap after GC invocations=1217 (full 57):
 garbage-first heap   total 333824K, used 204080K [0x0000000740000000, 0x0000000800000000)
  region size 1024K, 3 young (3072K), 3 survivors (3072K)
 Metaspace       used 128338K, capacity 130171K, committed 132988K, reserved 1163264K
  class space    used 17532K, capacity 18278K, committed 19328K, reserved 1048576K
}
Event: 8582.736 GC heap before
{Heap before GC invocations=1218 (full 57):
 garbage-first heap   total 333824K, used 262448K [0x0000000740000000, 0x0000000800000000)
  region size 1024K, 60 young (61440K), 3 survivors (3072K)
 Metaspace       used 128338K, capacity 130171K, committed 132988K, reserved 1163264K
  class space    used 17532K, capacity 18278K, committed 19328K, reserved 1048576K
}
Event: 8582.739 GC heap after
{Heap after GC invocations=1219 (full 57):
 garbage-first heap   total 333824K, used 204254K [0x0000000740000000, 0x0000000800000000)
  region size 1024K, 3 young (3072K), 3 survivors (3072K)
 Metaspace       used 128338K, capacity 130171K, committed 132988K, reserved 1163264K
  class space    used 17532K, capacity 18278K, committed 19328K, reserved 1048576K
}
Event: 8583.217 GC heap before
{Heap before GC invocations=1219 (full 57):
 garbage-first heap   total 333824K, used 262622K [0x0000000740000000, 0x0000000800000000)
  region size 1024K, 60 young (61440K), 3 survivors (3072K)
 Metaspace       used 128355K, capacity 130171K, committed 132988K, reserved 1163264K
  class space    used 17532K, capacity 18278K, committed 19328K, reserved 1048576K
}
Event: 8583.220 GC heap after
{Heap after GC invocations=1220 (full 57):
 garbage-first heap   total 333824K, used 204511K [0x0000000740000000, 0x0000000800000000)
  region size 1024K, 3 young (3072K), 3 survivors (3072K)
 Metaspace       used 128355K, capacity 130171K, committed 132988K, reserved 1163264K
  class space    used 17532K, capacity 18278K, committed 19328K, reserved 1048576K
}
Event: 8585.470 GC heap before
{Heap before GC invocations=1221 (full 57):
 garbage-first heap   total 333824K, used 262879K [0x0000000740000000, 0x0000000800000000)
  region size 1024K, 60 young (61440K), 3 survivors (3072K)
 Metaspace       used 128361K, capacity 130171K, committed 132988K, reserved 1163264K
  class space    used 17532K, capacity 18278K, committed 19328K, reserved 1048576K
}
Event: 8585.474 GC heap after
{Heap after GC invocations=1222 (full 57):
 garbage-first heap   total 333824K, used 205630K [0x0000000740000000, 0x0000000800000000)
  region size 1024K, 4 young (4096K), 4 survivors (4096K)
 Metaspace       used 128361K, capacity 130171K, committed 132988K, reserved 1163264K
  class space    used 17532K, capacity 18278K, committed 19328K, reserved 1048576K
}
Event: 8591.493 GC heap before
{Heap before GC invocations=1222 (full 57):
 garbage-first heap   total 333824K, used 261950K [0x0000000740000000, 0x0000000800000000)
  region size 1024K, 60 young (61440K), 4 survivors (4096K)
 Metaspace       used 128364K, capacity 130171K, committed 132988K, reserved 1163264K
  class space    used 17532K, capacity 18278K, committed 19328K, reserved 1048576K
}
Event: 8591.496 GC heap after
{Heap after GC invocations=1223 (full 57):
 garbage-first heap   total 333824K, used 205570K [0x0000000740000000, 0x0000000800000000)
  region size 1024K, 4 young (4096K), 4 survivors (4096K)
 Metaspace       used 128364K, capacity 130171K, committed 132988K, reserved 1163264K
  class space    used 17532K, capacity 18278K, committed 19328K, reserved 1048576K
}

